<?xml version="1.0" encoding="UTF-8"?>
<!-- Generated by org.testng.reporters.JUnitReportReporter -->
<testsuite hostname="MAVCHN1121456" failures="0" tests="1" name="JavaSamp.TestNgprac" time="0.006" errors="0" timestamp="2024-08-09T17:48:08 IST" skipped="0">
  <testcase classname="JavaSamp.TestNgprac" name="close" time="0.006"/>
  <system-out/>
</testsuite> <!-- JavaSamp.TestNgprac -->
